[2021-09-15T16:50:11.646] [DEBUG] cheese - login => username:zs,password:123456
[2021-09-15T16:50:11.648] [DEBUG] cheese - zs
[2021-09-15T16:50:11.656] [DEBUG] cheese - null
[2021-09-15T16:50:11.657] [DEBUG] cheese - null
[2021-09-15T17:10:03.826] [DEBUG] cheese - login => username:admin,password:123456
[2021-09-15T17:10:03.826] [DEBUG] cheese - admin
[2021-09-15T17:10:03.834] [DEBUG] cheese - null
[2021-09-15T17:10:03.834] [DEBUG] cheese - null
[2021-09-15T17:11:27.046] [DEBUG] cheese - login => username:admin,password:123456
[2021-09-15T17:11:27.046] [DEBUG] cheese - admin
[2021-09-15T17:11:27.049] [DEBUG] cheese - null
[2021-09-15T17:11:27.049] [DEBUG] cheese - null
[2021-09-15T17:13:11.370] [DEBUG] cheese - login => username:admin,password:123456
[2021-09-15T17:13:11.370] [DEBUG] cheese - admin
[2021-09-15T17:13:11.372] [DEBUG] cheese - null
[2021-09-15T17:13:11.372] [DEBUG] cheese - null
[2021-09-15T17:20:54.646] [DEBUG] cheese - login => username:admin,password:123456
[2021-09-15T17:20:54.646] [DEBUG] cheese - admin
[2021-09-15T17:20:54.652] [DEBUG] cheese - null
[2021-09-15T17:20:54.652] [DEBUG] cheese - null
[2021-09-15T17:21:20.390] [DEBUG] cheese - login => username:admin,password:123456
[2021-09-15T17:21:20.390] [DEBUG] cheese - admin
[2021-09-15T17:21:20.392] [DEBUG] cheese - null
[2021-09-15T17:21:20.392] [DEBUG] cheese - null
[2021-09-15T17:21:21.604] [DEBUG] cheese - login => username:admin,password:123456
[2021-09-15T17:21:21.604] [DEBUG] cheese - admin
[2021-09-15T17:21:21.606] [DEBUG] cheese - null
[2021-09-15T17:21:21.606] [DEBUG] cheese - null
[2021-09-15T17:21:46.392] [DEBUG] cheese - login => username:admin,password:123456
[2021-09-15T17:21:46.392] [DEBUG] cheese - admin
[2021-09-15T17:21:46.394] [DEBUG] cheese - null
[2021-09-15T17:21:46.394] [DEBUG] cheese - null
[2021-09-15T17:23:28.644] [DEBUG] cheese - login => username:admin,password:123456
[2021-09-15T17:23:28.644] [DEBUG] cheese - admin
[2021-09-15T17:23:28.647] [DEBUG] cheese - null
[2021-09-15T17:23:28.647] [DEBUG] cheese - null
[2021-09-15T19:22:20.932] [DEBUG] cheese - login => username:admin,password:123456
[2021-09-15T19:22:20.933] [DEBUG] cheese - admin
[2021-09-15T19:22:20.951] [DEBUG] cheese - null
[2021-09-15T19:22:20.951] [DEBUG] cheese - null
[2021-09-15T19:24:45.659] [DEBUG] cheese - login => username:admin,password:123456
[2021-09-15T19:24:45.659] [DEBUG] cheese - admin
[2021-09-15T19:24:45.664] [DEBUG] cheese - null
[2021-09-15T19:24:45.664] [DEBUG] cheese - null
[2021-09-15T19:38:47.474] [DEBUG] cheese - login => username:admin,password:123456
[2021-09-15T19:38:47.474] [DEBUG] cheese - admin
[2021-09-15T19:38:47.479] [DEBUG] cheese - null
[2021-09-15T19:38:47.479] [DEBUG] cheese - null
[2021-09-15T19:39:03.407] [DEBUG] cheese - login => username:admin,password:123456
[2021-09-15T19:39:03.407] [DEBUG] cheese - admin
[2021-09-15T19:39:03.408] [DEBUG] cheese - null
[2021-09-15T19:39:03.408] [DEBUG] cheese - null
[2021-09-15T19:39:55.019] [DEBUG] cheese - login => username:admin,password:123456
[2021-09-15T19:39:55.019] [DEBUG] cheese - admin
[2021-09-15T19:39:55.021] [DEBUG] cheese - null
[2021-09-15T19:39:55.021] [DEBUG] cheese - null
[2021-09-15T21:26:02.654] [DEBUG] cheese - login => username:admin,password:123456
[2021-09-15T21:26:02.655] [DEBUG] cheese - admin
[2021-09-15T21:26:02.674] [DEBUG] cheese - null
[2021-09-15T21:26:02.674] [DEBUG] cheese - null
[2021-09-15T22:02:23.715] [DEBUG] cheese - login => username:admin,password:123456
[2021-09-15T22:02:23.715] [DEBUG] cheese - admin
[2021-09-15T22:02:23.721] [DEBUG] cheese - null
[2021-09-15T22:02:23.721] [DEBUG] cheese - null
[2021-09-15T22:11:12.179] [DEBUG] cheese - login => username:admin,password:123456
[2021-09-15T22:11:12.179] [DEBUG] cheese - admin
[2021-09-15T22:11:12.184] [DEBUG] cheese - null
[2021-09-15T22:11:12.185] [DEBUG] cheese - null
[2021-09-15T22:22:14.276] [DEBUG] cheese - login => username:admin,password:123456
[2021-09-15T22:22:14.276] [DEBUG] cheese - admin
[2021-09-15T22:22:14.280] [DEBUG] cheese - null
[2021-09-15T22:22:14.280] [DEBUG] cheese - null
[2021-09-15T22:24:32.301] [DEBUG] cheese - login => username:admin,password:123456
[2021-09-15T22:24:32.301] [DEBUG] cheese - admin
[2021-09-15T22:24:32.305] [DEBUG] cheese - null
[2021-09-15T22:24:32.305] [DEBUG] cheese - null
[2021-09-15T22:24:53.216] [DEBUG] cheese - login => username:admin,password:123456
[2021-09-15T22:24:53.216] [DEBUG] cheese - admin
[2021-09-15T22:24:53.218] [DEBUG] cheese - null
[2021-09-15T22:24:53.218] [DEBUG] cheese - null
[2021-09-15T22:49:02.408] [DEBUG] cheese - login => username:admin,password:123456
[2021-09-15T22:49:02.408] [DEBUG] cheese - admin
[2021-09-15T22:49:02.412] [DEBUG] cheese - null
[2021-09-15T22:49:02.412] [DEBUG] cheese - null
[2021-09-15T23:11:47.477] [DEBUG] cheese - login => username:admin,password:123456
[2021-09-15T23:11:47.477] [DEBUG] cheese - admin
[2021-09-15T23:11:47.481] [DEBUG] cheese - null
[2021-09-15T23:11:47.481] [DEBUG] cheese - null
[2021-09-15T23:42:38.599] [DEBUG] cheese - login => username:admin,password:123456
[2021-09-15T23:42:38.599] [DEBUG] cheese - admin
[2021-09-15T23:42:38.601] [DEBUG] cheese - null
[2021-09-15T23:42:38.601] [DEBUG] cheese - null
[2021-09-15T23:56:24.893] [DEBUG] cheese - login => username:admin,password:123456
[2021-09-15T23:56:24.893] [DEBUG] cheese - admin
[2021-09-15T23:56:24.897] [DEBUG] cheese - null
[2021-09-15T23:56:24.897] [DEBUG] cheese - null
[2021-09-16T08:58:07.555] [DEBUG] cheese - login => username:admin,password:123456
[2021-09-16T08:58:07.556] [DEBUG] cheese - admin
[2021-09-16T08:58:07.573] [DEBUG] cheese - null
[2021-09-16T08:58:07.573] [DEBUG] cheese - null
[2021-09-16T09:58:20.204] [DEBUG] cheese - login => username:admin,password:123456
[2021-09-16T09:58:20.205] [DEBUG] cheese - admin
[2021-09-16T09:58:20.206] [DEBUG] cheese - null
[2021-09-16T09:58:20.206] [DEBUG] cheese - null
[2021-09-16T10:50:02.020] [DEBUG] cheese - login => username:admin,password:123456
[2021-09-16T10:50:02.020] [DEBUG] cheese - admin
[2021-09-16T10:50:02.022] [DEBUG] cheese - null
[2021-09-16T10:50:02.022] [DEBUG] cheese - null
[2021-09-16T10:50:45.059] [DEBUG] cheese - login => username:admin,password:123456
[2021-09-16T10:50:45.060] [DEBUG] cheese - admin
[2021-09-16T10:50:45.073] [DEBUG] cheese - null
[2021-09-16T10:50:45.074] [DEBUG] cheese - null
[2021-09-16T10:52:01.587] [DEBUG] cheese - login => username:admin,password:123456
[2021-09-16T10:52:01.587] [DEBUG] cheese - admin
[2021-09-16T10:52:01.588] [DEBUG] cheese - null
[2021-09-16T10:52:01.588] [DEBUG] cheese - null
[2021-09-16T11:23:03.178] [DEBUG] cheese - login => username:admin,password:123456
[2021-09-16T11:23:03.178] [DEBUG] cheese - admin
[2021-09-16T11:23:03.180] [DEBUG] cheese - null
[2021-09-16T11:23:03.180] [DEBUG] cheese - null
[2021-09-16T11:32:15.937] [DEBUG] cheese - login => username:admin,password:123456
[2021-09-16T11:32:15.938] [DEBUG] cheese - admin
[2021-09-16T11:32:15.941] [DEBUG] cheese - null
[2021-09-16T11:32:15.941] [DEBUG] cheese - null
[2021-09-16T20:06:29.408] [DEBUG] cheese - login => username:admin,password:123456
[2021-09-16T20:06:29.409] [DEBUG] cheese - admin
[2021-09-16T20:06:29.411] [DEBUG] cheese - null
[2021-09-16T20:06:29.411] [DEBUG] cheese - null
[2021-09-16T23:30:33.129] [DEBUG] cheese - login => username:admin,password:123456
[2021-09-16T23:30:33.129] [DEBUG] cheese - admin
[2021-09-16T23:30:33.133] [DEBUG] cheese - null
[2021-09-16T23:30:33.133] [DEBUG] cheese - null
